ICICIBANK-I
LR : 0.489112227806
LDA: 0.897822445561
KNN: 0.524288107203
RF : 0.649916247906
NB : 0.482412060302
SVM: 0.48743718593
--------------------
TATAMOTORS-I
LR : 0.562814070352
LDA: 0.844221105528
KNN: 0.517587939698
RF : 0.638190954774
NB : 0.479061976549
SVM: 0.51256281407
--------------------
RELIANCE-I
LR : 0.515912897822
LDA: 0.874371859296
KNN: 0.522613065327
RF : 0.643216080402
NB : 0.510887772194
SVM: 0.551088777219
--------------------
JETAIRWAYS-I
LR : 0.520408163265
LDA: 0.852040816327
KNN: 0.501700680272
RF : 0.557823129252
NB : 0.574829931973
SVM: 0.527210884354
--------------------
NIFTY-I
LR : 0.582914572864
LDA: 0.87269681742
KNN: 0.520938023451
RF : 0.641541038526
NB : 0.586264656616
SVM: 0.527638190955
--------------------
HDFCBANK-I
LR : 0.490787269682
LDA: 0.882747068677
KNN: 0.502512562814
RF : 0.606365159129
NB : 0.514237855946
SVM: 0.490787269682
--------------------
